[21:39:03] [ServerMain/INFO]: Environment: authHost='https://authserver.mojang.com', accountsHost='https://api.mojang.com', sessionHost='https://sessionserver.mojang.com', servicesHost='https://api.minecraftservices.com', name='PROD'
[21:39:04] [ServerMain/INFO]: Loaded 7 recipes
[21:39:04] [ServerMain/INFO]: Loaded 1271 advancements
[21:39:05] [Server thread/INFO]: Starting minecraft server version 1.20
[21:39:05] [Server thread/INFO]: Loading properties
[21:39:05] [Server thread/INFO]: Default game type: SURVIVAL
[21:39:05] [Server thread/INFO]: Generating keypair
[21:39:05] [Server thread/INFO]: Starting Minecraft server on *:25565
[21:39:05] [Server thread/INFO]: Using default channel type
[21:39:05] [Server thread/INFO]: Preparing level "world"
[21:39:06] [Server thread/INFO]: Preparing start region for dimension minecraft:overworld
[21:39:08] [Worker-Main-6/INFO]: Preparing spawn area: 0%
[21:39:08] [Worker-Main-6/INFO]: Preparing spawn area: 0%
[21:39:08] [Worker-Main-6/INFO]: Preparing spawn area: 0%
[21:39:08] [Worker-Main-5/INFO]: Preparing spawn area: 0%
[21:39:08] [Worker-Main-8/INFO]: Preparing spawn area: 64%
[21:39:08] [Server thread/INFO]: Time elapsed: 2150 ms
[21:39:08] [Server thread/INFO]: Done (3.026s)! For help, type "help"
[21:40:42] [User Authenticator #1/INFO]: UUID of player sil_min is 738ba517-8ec4-45ef-af36-6815af8e986e
[21:40:42] [Server thread/INFO]: sil_min[/127.0.0.1:58822] logged in with entity id 177 at (-139.5, 68.0, -2.5)
[21:40:42] [Server thread/INFO]: sil_min joined the game
[21:41:07] [Server thread/INFO]: sil_min lost connection: Disconnected
[21:41:07] [Server thread/INFO]: sil_min left the game
[21:52:16] [User Authenticator #2/INFO]: UUID of player shirasu219 is da24293b-daa7-4d87-825f-773108250484
[21:52:16] [Server thread/INFO]: shirasu219[/60.145.57.122:60172] logged in with entity id 373 at (-140.5, 64.0, 6.5)
[21:52:16] [Server thread/INFO]: shirasu219 joined the game
[21:52:21] [Server thread/INFO]: shirasu219 lost connection: Disconnected
[21:52:21] [Server thread/INFO]: shirasu219 left the game
[21:53:38] [User Authenticator #3/INFO]: UUID of player shirasu219 is da24293b-daa7-4d87-825f-773108250484
[21:53:38] [Server thread/INFO]: shirasu219[/60.145.57.122:60241] logged in with entity id 431 at (-140.84849220819066, 65.0, 5.762421417358703)
[21:53:38] [Server thread/INFO]: shirasu219 joined the game
[21:55:46] [User Authenticator #4/INFO]: UUID of player naito0626 is 1b2d053d-ee43-4c56-b531-b2e080b3c4de
[21:55:46] [Server thread/INFO]: naito0626[/133.200.128.96:4616] logged in with entity id 875 at (-139.5, 70.0, -8.5)
[21:55:46] [Server thread/INFO]: naito0626 joined the game
[21:55:49] [User Authenticator #5/INFO]: UUID of player shinshi0080 is 3c237344-a542-411d-97a8-02e88b0c27fb
[21:55:49] [Server thread/INFO]: shinshi0080[/119.24.163.158:60697] logged in with entity id 886 at (-133.5, 68.0, 8.5)
[21:55:49] [Server thread/INFO]: shinshi0080 joined the game
[21:55:58] [Server thread/WARN]: Mismatch in destroy block pos: gu{x=0, y=0, z=0} gu{x=-141, y=66, z=-9}
[21:56:05] [Server thread/WARN]: Mismatch in destroy block pos: gu{x=0, y=0, z=0} gu{x=-151, y=66, z=-12}
[21:56:12] [Server thread/WARN]: Mismatch in destroy block pos: gu{x=0, y=0, z=0} gu{x=-154, y=68, z=-10}
[21:56:12] [Server thread/WARN]: Mismatch in destroy block pos: gu{x=0, y=0, z=0} gu{x=-154, y=67, z=-11}
[21:56:17] [Server thread/WARN]: Mismatch in destroy block pos: gu{x=0, y=0, z=0} gu{x=-158, y=68, z=-9}
[21:56:50] [Server thread/INFO]: <shinshi0080> あのｗ
[21:56:59] [Server thread/INFO]: <shinshi0080> 粉雪とクリーパーｗ
[21:57:43] [Server thread/WARN]: Mismatch in destroy block pos: gu{x=0, y=0, z=0} gu{x=-137, y=61, z=8}
[21:57:43] [Server thread/WARN]: Mismatch in destroy block pos: gu{x=0, y=0, z=0} gu{x=-136, y=60, z=9}
[21:57:43] [Server thread/WARN]: Mismatch in destroy block pos: gu{x=0, y=0, z=0} gu{x=-137, y=61, z=8}
[21:57:43] [Server thread/WARN]: Mismatch in destroy block pos: gu{x=0, y=0, z=0} gu{x=-137, y=60, z=7}
[21:57:43] [Server thread/WARN]: Mismatch in destroy block pos: gu{x=0, y=0, z=0} gu{x=-136, y=60, z=9}
[21:57:44] [Server thread/WARN]: Mismatch in destroy block pos: gu{x=0, y=0, z=0} gu{x=-136, y=60, z=9}
[21:57:45] [Server thread/INFO]: shinshi0080 was shot by Skeleton
[21:58:15] [Server thread/WARN]: Mismatch in destroy block pos: gu{x=0, y=0, z=0} gu{x=-137, y=65, z=3}
[21:58:16] [Server thread/WARN]: Mismatch in destroy block pos: gu{x=0, y=0, z=0} gu{x=-137, y=65, z=3}
[21:58:16] [Server thread/WARN]: Mismatch in destroy block pos: gu{x=0, y=0, z=0} gu{x=-140, y=64, z=2}
[21:58:17] [Server thread/WARN]: Mismatch in destroy block pos: gu{x=0, y=0, z=0} gu{x=-140, y=64, z=4}
[21:58:17] [Server thread/WARN]: Mismatch in destroy block pos: gu{x=0, y=0, z=0} gu{x=-140, y=64, z=4}
[21:58:17] [Server thread/WARN]: Mismatch in destroy block pos: gu{x=0, y=0, z=0} gu{x=-140, y=64, z=4}
[21:58:17] [Server thread/WARN]: Mismatch in destroy block pos: gu{x=0, y=0, z=0} gu{x=-139, y=63, z=4}
[21:58:17] [Server thread/WARN]: Mismatch in destroy block pos: gu{x=0, y=0, z=0} gu{x=-140, y=64, z=4}
[21:58:18] [Server thread/WARN]: Mismatch in destroy block pos: gu{x=0, y=0, z=0} gu{x=-138, y=64, z=2}
[21:58:18] [Server thread/INFO]: shinshi0080 has made the advancement [Monster Hunter]
[21:59:18] [Server thread/WARN]: Mismatch in destroy block pos: gu{x=-164, y=71, z=3} gu{x=-158, y=72, z=12}
[21:59:29] [Server thread/WARN]: Mismatch in destroy block pos: gu{x=-164, y=71, z=3} gu{x=-156, y=72, z=11}
[21:59:29] [Server thread/WARN]: Mismatch in destroy block pos: gu{x=-164, y=71, z=3} gu{x=-155, y=71, z=11}
[21:59:29] [Server thread/WARN]: Mismatch in destroy block pos: gu{x=-164, y=71, z=3} gu{x=-156, y=72, z=11}
[21:59:30] [Server thread/WARN]: Mismatch in destroy block pos: gu{x=-164, y=71, z=3} gu{x=-155, y=71, z=12}
[21:59:31] [Server thread/WARN]: Mismatch in destroy block pos: gu{x=-164, y=71, z=3} gu{x=-154, y=71, z=13}
[21:59:50] [Server thread/WARN]: Mismatch in destroy block pos: gu{x=-149, y=67, z=31} gu{x=-147, y=69, z=16}
[22:01:18] [Server thread/INFO]: [shirasu219: Gave 255 [Oak Wood] to shirasu219]
[22:01:57] [Server thread/WARN]: Mismatch in destroy block pos: gu{x=-176, y=69, z=-10} gu{x=-150, y=64, z=-12}
[22:01:59] [Server thread/WARN]: Mismatch in destroy block pos: gu{x=-176, y=69, z=-10} gu{x=-151, y=65, z=-11}
[22:01:59] [Server thread/WARN]: Mismatch in destroy block pos: gu{x=-176, y=69, z=-10} gu{x=-151, y=66, z=-11}
[22:01:59] [Server thread/WARN]: Mismatch in destroy block pos: gu{x=-176, y=69, z=-10} gu{x=-151, y=66, z=-12}
[22:02:08] [Server thread/WARN]: Mismatch in destroy block pos: gu{x=-176, y=69, z=-10} gu{x=-151, y=65, z=-12}
[22:03:09] [Server thread/INFO]: <shinshi0080> wwwwww
[22:03:27] [Server thread/INFO]: naito0626 has made the advancement [Stone Age]
[22:04:19] [Server thread/INFO]: naito0626 has made the advancement [Getting an Upgrade]
[22:04:40] [Server thread/INFO]: [shirasu219: Gave 64 [Bread] to shirasu219]
[22:05:00] [Server thread/INFO]: naito0626 was slain by shinshi0080
[22:05:00] [Server thread/INFO]: shinshi0080 was slain by naito0626
[22:05:06] [Server thread/INFO]: <shinshi0080> wwwww
[22:09:54] [Server thread/INFO]: shinshi0080 has made the advancement [Stone Age]
[22:09:58] [Server thread/INFO]: shinshi0080 has made the advancement [Getting an Upgrade]
[22:17:38] [Server thread/INFO]: <shinshi0080> やっべめっちゃ地底湖やん
[22:21:26] [User Authenticator #6/INFO]: UUID of player sil_min is 738ba517-8ec4-45ef-af36-6815af8e986e
[22:21:26] [Server thread/INFO]: sil_min[/127.0.0.1:60523] logged in with entity id 8540 at (-149.5571262763033, 70.0, 17.608656609986486)
[22:21:26] [Server thread/INFO]: sil_min joined the game
[22:23:53] [Server thread/INFO]: <shinshi0080> まじ？
[22:24:08] [Server thread/INFO]: <shinshi0080> アマゾン契約すっかぁ
[22:24:11] [Server thread/INFO]: <shinshi0080> wwww
[22:24:22] [Server thread/INFO]: <shinshi0080> そこだけ死ぬほど有名になってるよな((
[22:24:25] [Server thread/INFO]: <shinshi0080> wwww
[22:24:30] [Server thread/INFO]: <shinshi0080> みるかぁこんど
[22:24:31] [Server thread/INFO]: sil_min was slain by shinshi0080
[22:24:35] [Server thread/INFO]: <shinshi0080> wwwwww
[22:24:46] [Server thread/INFO]: <shinshi0080> 虫けらのように死んでいったなｗｗｗｗ
[22:25:03] [Server thread/INFO]: sil_min was slain by shinshi0080
[22:25:06] [Server thread/INFO]: <shinshi0080> wwwww
[22:25:41] [Server thread/INFO]: sil_min was slain by shinshi0080
[22:26:24] [Server thread/INFO]: sil_min was slain by shinshi0080
[22:26:27] [Server thread/INFO]: <shinshi0080> wwww
[22:26:30] [Server thread/INFO]: <shinshi0080> やばいｗ
[22:27:06] [User Authenticator #7/INFO]: UUID of player Imonoimokodesu is 9fd2c985-dec3-4d49-9447-a875701452fb
[22:27:06] [Server thread/INFO]: Imonoimokodesu[/106.72.144.128:7920] logged in with entity id 9630 at (-140.5, 61.0, 7.5)
[22:27:06] [Server thread/INFO]: Imonoimokodesu joined the game
[22:27:22] [Server thread/WARN]: Mismatch in destroy block pos: gu{x=0, y=0, z=0} gu{x=-130, y=62, z=5}
[22:27:22] [Server thread/WARN]: Mismatch in destroy block pos: gu{x=0, y=0, z=0} gu{x=-130, y=62, z=5}
[22:27:22] [Server thread/WARN]: Mismatch in destroy block pos: gu{x=0, y=0, z=0} gu{x=-130, y=62, z=5}
[22:27:23] [Server thread/WARN]: Mismatch in destroy block pos: gu{x=0, y=0, z=0} gu{x=-130, y=62, z=5}
[22:27:23] [Server thread/WARN]: Mismatch in destroy block pos: gu{x=0, y=0, z=0} gu{x=-130, y=62, z=5}
[22:27:23] [Server thread/WARN]: Mismatch in destroy block pos: gu{x=0, y=0, z=0} gu{x=-129, y=62, z=5}
[22:27:23] [Server thread/WARN]: Mismatch in destroy block pos: gu{x=0, y=0, z=0} gu{x=-129, y=62, z=5}
[22:27:23] [Server thread/WARN]: Mismatch in destroy block pos: gu{x=0, y=0, z=0} gu{x=-128, y=62, z=5}
[22:27:29] [Server thread/INFO]: shinshi0080 was slain by sil_min
[22:27:31] [Server thread/INFO]: sil_min has made the advancement [Getting an Upgrade]
[22:27:32] [Server thread/INFO]: sil_min has made the advancement [Stone Age]
[22:27:34] [Server thread/INFO]: <shinshi0080> wwwww
[22:28:24] [Server thread/INFO]: Imonoimokodesu was slain by shinshi0080
[22:28:27] [Server thread/WARN]: Mismatch in destroy block pos: gu{x=0, y=0, z=0} gu{x=-137, y=61, z=12}
[22:28:28] [Server thread/WARN]: Mismatch in destroy block pos: gu{x=0, y=0, z=0} gu{x=-136, y=62, z=12}
[22:28:28] [Server thread/WARN]: Mismatch in destroy block pos: gu{x=0, y=0, z=0} gu{x=-135, y=62, z=10}
[22:28:28] [Server thread/WARN]: Mismatch in destroy block pos: gu{x=0, y=0, z=0} gu{x=-136, y=63, z=10}
[22:28:28] [Server thread/WARN]: Mismatch in destroy block pos: gu{x=0, y=0, z=0} gu{x=-133, y=62, z=7}
[22:28:28] [Server thread/WARN]: Mismatch in destroy block pos: gu{x=0, y=0, z=0} gu{x=-135, y=62, z=8}
[22:28:29] [Server thread/WARN]: Mismatch in destroy block pos: gu{x=0, y=0, z=0} gu{x=-135, y=62, z=9}
[22:28:29] [Server thread/WARN]: Mismatch in destroy block pos: gu{x=0, y=0, z=0} gu{x=-137, y=61, z=8}
[22:28:30] [Server thread/WARN]: Mismatch in destroy block pos: gu{x=0, y=0, z=0} gu{x=-137, y=60, z=7}
[22:28:30] [Server thread/WARN]: Mismatch in destroy block pos: gu{x=0, y=0, z=0} gu{x=-138, y=60, z=7}
[22:30:02] [Server thread/INFO]: shinshi0080 hit the ground too hard
[22:33:14] [Server thread/INFO]: shirasu219 lost connection: Disconnected
[22:33:14] [Server thread/INFO]: shirasu219 left the game
[22:33:16] [User Authenticator #8/INFO]: UUID of player shirasu219 is da24293b-daa7-4d87-825f-773108250484
[22:33:16] [Server thread/INFO]: shirasu219[/60.145.57.122:53954] logged in with entity id 14439 at (-264.64273400134925, 64.0, 53.69617924341576)
[22:33:16] [Server thread/INFO]: shirasu219 joined the game
[22:34:04] [Server thread/INFO]: shirasu219 has made the advancement [Monster Hunter]
[22:34:29] [Server thread/INFO]: naito0626 has made the advancement [Monster Hunter]
[22:35:26] [Server thread/INFO]: <shinshi0080> dokow
[22:35:44] [Server thread/INFO]: <shinshi0080> dokow
[22:37:31] [Server thread/INFO]: <shinshi0080> なんもないわｗ
[22:39:12] [Server thread/INFO]: shirasu219 has made the advancement [Stone Age]
[22:40:22] [Server thread/INFO]: naito0626 has made the advancement [Acquire Hardware]
[22:40:29] [Server thread/INFO]: naito0626 has made the advancement [Isn't It Iron Pick]
[22:45:16] [Server thread/INFO]: Imonoimokodesu has made the advancement [Stone Age]
[22:45:28] [Server thread/INFO]: Imonoimokodesu has made the advancement [Getting an Upgrade]
[22:46:14] [Server thread/INFO]: shinshi0080 has made the advancement [Acquire Hardware]
[22:50:22] [Server thread/INFO]: Imonoimokodesu has made the advancement [Sweet Dreams]
[22:54:29] [Server thread/WARN]: Boat (vehicle of shinshi0080) moved wrongly! 0.25100517357554963
[22:54:29] [Server thread/WARN]: Boat (vehicle of shinshi0080) moved wrongly! 0.2771742021045611
[22:54:33] [Server thread/INFO]: Imonoimokodesu has made the advancement [Monster Hunter]
[22:56:42] [Server thread/INFO]: shirasu219 lost connection: Disconnected
[22:56:42] [Server thread/INFO]: shirasu219 left the game
[22:57:07] [Server thread/INFO]: naito0626 lost connection: Disconnected
[22:57:07] [Server thread/INFO]: naito0626 left the game
[23:01:53] [User Authenticator #9/INFO]: UUID of player shirasu219 is da24293b-daa7-4d87-825f-773108250484
[23:01:53] [Server thread/INFO]: shirasu219[/60.145.57.122:60959] logged in with entity id 46294 at (-278.34198974073627, 64.0, 65.52212502138556)
[23:01:53] [Server thread/INFO]: shirasu219 joined the game
[23:04:46] [Server thread/INFO]: shinshi0080 has made the advancement [Voluntary Exile]
[23:13:53] [Server thread/INFO]: shirasu219 lost connection: Disconnected
[23:13:53] [Server thread/INFO]: shirasu219 left the game
[23:15:54] [User Authenticator #10/INFO]: UUID of player shirasu219 is da24293b-daa7-4d87-825f-773108250484
[23:15:54] [Server thread/INFO]: shirasu219[/60.145.57.122:56410] logged in with entity id 58222 at (-271.600069842684, 60.0, 65.53805792815025)
[23:15:54] [Server thread/INFO]: shirasu219 joined the game
[23:17:59] [Server thread/INFO]: shirasu219 has made the advancement [Getting an Upgrade]
[23:28:41] [Server thread/INFO]: sil_min lost connection: Disconnected
[23:28:41] [Server thread/INFO]: sil_min left the game
[23:28:52] [Server thread/INFO]: shirasu219 lost connection: Disconnected
[23:28:52] [Server thread/INFO]: shirasu219 left the game
[23:30:58] [Server thread/INFO]: Imonoimokodesu lost connection: Disconnected
[23:30:58] [Server thread/INFO]: Imonoimokodesu left the game
[23:31:03] [User Authenticator #11/INFO]: UUID of player Imonoimokodesu is 9fd2c985-dec3-4d49-9447-a875701452fb
[23:31:03] [Server thread/INFO]: Imonoimokodesu[/106.72.144.128:12022] logged in with entity id 70362 at (206.55333135431638, 115.0, 1627.4466021307048)
[23:31:03] [Server thread/INFO]: Imonoimokodesu joined the game
[23:32:42] [Server thread/INFO]: shinshi0080 lost connection: Disconnected
[23:32:42] [Server thread/INFO]: shinshi0080 left the game
[23:32:46] [Server thread/INFO]: Imonoimokodesu lost connection: Disconnected
[23:32:46] [Server thread/INFO]: Imonoimokodesu left the game
[23:33:21] [Server thread/INFO]: Stopping the server
[23:33:21] [Server thread/INFO]: Stopping server
[23:33:21] [Server thread/INFO]: Saving players
[23:33:21] [Server thread/INFO]: Saving worlds
[23:33:21] [Server thread/INFO]: Saving chunks for level 'ServerLevel[world]'/minecraft:overworld
[23:33:23] [Server thread/INFO]: Saving chunks for level 'ServerLevel[world]'/minecraft:the_nether
[23:33:23] [Server thread/INFO]: Saving chunks for level 'ServerLevel[world]'/minecraft:the_end
[23:33:23] [Server thread/INFO]: ThreadedAnvilChunkStorage (world): All chunks are saved
[23:33:23] [Server thread/INFO]: ThreadedAnvilChunkStorage (DIM-1): All chunks are saved
[23:33:23] [Server thread/INFO]: ThreadedAnvilChunkStorage (DIM1): All chunks are saved
[23:33:23] [Server thread/INFO]: ThreadedAnvilChunkStorage: All dimensions are saved
