[20:47:58] [ServerMain/INFO]: Environment: authHost='https://authserver.mojang.com', accountsHost='https://api.mojang.com', sessionHost='https://sessionserver.mojang.com', servicesHost='https://api.minecraftservices.com', name='PROD'
[20:47:59] [ServerMain/INFO]: Loaded 7 recipes
[20:48:00] [ServerMain/INFO]: Loaded 1271 advancements
[20:48:00] [Server thread/INFO]: Starting minecraft server version 1.20
[20:48:00] [Server thread/INFO]: Loading properties
[20:48:00] [Server thread/INFO]: Default game type: SURVIVAL
[20:48:00] [Server thread/INFO]: Generating keypair
[20:48:00] [Server thread/INFO]: Starting Minecraft server on *:25565
[20:48:00] [Server thread/INFO]: Using default channel type
[20:48:00] [Server thread/INFO]: Preparing level "world"
[20:48:01] [Server thread/INFO]: Preparing start region for dimension minecraft:overworld
[20:48:03] [Worker-Main-11/INFO]: Preparing spawn area: 0%
[20:48:03] [Worker-Main-11/INFO]: Preparing spawn area: 0%
[20:48:03] [Worker-Main-12/INFO]: Preparing spawn area: 0%
[20:48:03] [Worker-Main-12/INFO]: Preparing spawn area: 0%
[20:48:03] [Server thread/INFO]: Time elapsed: 1938 ms
[20:48:03] [Server thread/INFO]: Done (2.677s)! For help, type "help"
[20:48:07] [Server thread/INFO]: Stopping the server
[20:48:07] [Server thread/INFO]: Stopping server
[20:48:07] [Server thread/INFO]: Saving players
[20:48:07] [Server thread/INFO]: Saving worlds
[20:48:08] [Server thread/INFO]: Saving chunks for level 'ServerLevel[world]'/minecraft:overworld
[20:48:09] [Server thread/INFO]: Saving chunks for level 'ServerLevel[world]'/minecraft:the_nether
[20:48:09] [Server thread/INFO]: Saving chunks for level 'ServerLevel[world]'/minecraft:the_end
[20:48:09] [Server thread/INFO]: ThreadedAnvilChunkStorage (world): All chunks are saved
[20:48:09] [Server thread/INFO]: ThreadedAnvilChunkStorage (DIM-1): All chunks are saved
[20:48:09] [Server thread/INFO]: ThreadedAnvilChunkStorage (DIM1): All chunks are saved
[20:48:09] [Server thread/INFO]: ThreadedAnvilChunkStorage: All dimensions are saved
